{"level":"info","message":"\tSuccessfully connected to the database","timestamp":"Oct-11-2021 19:25:46"}
{"level":"error","message":"\tnote not found with id6164442c9b2cdc5e2f79275","timestamp":"Oct-11-2021 19:54:11"}
{"level":"error","message":"\tnote not found with id","timestamp":"Oct-11-2021 19:55:03"}
{"level":"error","message":"\tnote not found with id6164439a9b2cdc5e2f79275","timestamp":"Oct-11-2021 21:10:46"}
{"level":"error","message":"\tnote not found with id6164439a9b2cdc5e2f79275","timestamp":"Oct-11-2021 21:16:30"}
{"level":"error","message":"\tnote not found with id6164439a9b2cdc5e2f79275","timestamp":"Oct-11-2021 21:17:33"}
{"level":"error","message":"\tnote not found with id6164439a9b2cdc5e2f79275","timestamp":"Oct-11-2021 21:18:31"}
{"level":"error","message":"\tnote not found with id6164439a9b2cdc5e2f79275","timestamp":"Oct-11-2021 21:19:18"}
{"level":"error","message":"\tnote not found with id6164439a9b2cdc5e2f79275","timestamp":"Oct-11-2021 21:25:25"}
{"level":"error","message":"\tNote not found with id 6164439a9b2cdc5e2f79275","timestamp":"Oct-11-2021 21:54:53"}
{"level":"error","message":"\tnote not found with id","timestamp":"Oct-11-2021 22:04:23"}
{"level":"error","message":"\tError retrieving note with id 6164439a9b2cdc5e2f792750","timestamp":"Oct-11-2021 22:15:17"}
{"level":"error","message":"\tError retrieving note with id 6164439a9b2cdc5e2f79275","timestamp":"Oct-11-2021 22:16:42"}
{"level":"error","message":"\tnote not found with id","timestamp":"Oct-12-2021 08:23:23"}
{"level":"error","message":"\tnote not found with id","timestamp":"Oct-12-2021 08:24:01"}
{"level":"error","message":"\tnote not found with id","timestamp":"Oct-12-2021 08:42:23"}
{"level":"error","message":"\tnote not found with id","timestamp":"Oct-12-2021 09:01:03"}
{"level":"error","message":"\tnote not found with id","timestamp":"Oct-12-2021 09:14:01"}
{"level":"error","message":"\tnote not found with id","timestamp":"Oct-12-2021 09:14:56"}
{"level":"error","message":"\tnote not found with id","timestamp":"Oct-12-2021 09:18:00"}
{"level":"error","message":"\tnote not found with id","timestamp":"Oct-12-2021 09:18:25"}
{"level":"error","message":"\tError updating note with id 6164439a9b2cdc5e2f792756","timestamp":"Oct-12-2021 09:18:41"}
{"level":"error","message":"\tError updating note with id 6164439a9b2cdc5e2f792751","timestamp":"Oct-12-2021 09:19:43"}
